操作失败或登录超时，请核对路径以及端口、主机名、用户名以及密码
0 following files were updated:
 []
0 following files failed to fetch:
 []
3 following files are redundant:
 ['D:/Documents/Album/PhoneAlbum/Screenshots/.escheck.tmp', 'D:/Documents/Album/PhoneAlbum/Screenshots/Screenshot_20220828_174148.jpg', 'D:/Documents/Album/PhoneAlbum/Screenshots/Screenshot_20220828_181443.jpg']
2022-08-29 16:31:50.006100
0 following files were updated:
 []
0 following files failed to fetch:
 []
2022-08-29 16:33:27.867424
0 following files were updated:
 []
0 following files failed to fetch:
 []
3 following files are redundant:
 ['D:/Documents/Album/PhoneAlbum/Screenshots/.escheck.tmp', 'D:/Documents/Album/PhoneAlbum/Screenshots/Screenshot_20220828_174148.jpg', 'D:/Documents/Album/PhoneAlbum/Screenshots/Screenshot_20220828_181443.jpg']
0 following files were updated:
 []
0 following files failed to fetch:
 []
2022-08-29 16:35:00.719962
操作失败或登录超时，请核对路径以及端口、主机名、用户名以及密码
操作失败或登录超时，请核对路径以及端口、主机名、用户名以及密码
2022-08-29 16:35:34.492502
0 following files were updated:
 []
0 following files failed to fetch:
 []
0 following files were updated:
 []
0 following files failed to fetch:
 []
0 following files were updated:
 []
0 following files failed to fetch:
 []
2022-08-29 16:36:27.189375
0 following files were updated:
 []
0 following files failed to fetch:
 []
2022-08-29 16:36:37.911814
0 following files were updated:
 []
0 following files failed to fetch:
 []
2022-08-29 16:37:20.879971
2022-08-29 16:37:55.816901
2022-08-29 16:38:10.083851
0 following files were updated:
 []
0 following files failed to fetch:
 []
2022-08-29 16:38:41.495087
0 following files were updated:
 []
0 following files failed to fetch:
 []
2022-08-29 16:39:12.248947
0 following files were updated:
 []
0 following files failed to fetch:
 []
3 following files are redundant:
 ['D:/Documents/Album/PhoneAlbum/Screenshots/.escheck.tmp', 'D:/Documents/Album/PhoneAlbum/Screenshots/Screenshot_20220828_174148.jpg', 'D:/Documents/Album/PhoneAlbum/Screenshots/Screenshot_20220828_181443.jpg']
3 following files are redundant:
 ['D:/Documents/Album/PhoneAlbum/Screenshots/.escheck.tmp', 'D:/Documents/Album/PhoneAlbum/Screenshots/Screenshot_20220828_174148.jpg', 'D:/Documents/Album/PhoneAlbum/Screenshots/Screenshot_20220828_181443.jpg']
2022-08-29 16:41:21.707835
2022-08-29 16:43:42.192802
2022-08-29 16:55:07.551660
2022-08-29 16:57:32.668346
/
/.
2022-08-29 16:57:48.226646
/
2022-08-29 16:58:06.870289
/
/
2022-08-29 16:58:51.477659
2022-08-29 16:59:51.105491
2022-08-29 17:01:17.927021
/
2022-08-29 17:01:47.024657
/
hah
/
2022-08-29 17:05:17.274650
2022-08-29 17:06:59.498414
13 following files are redundant:
 ['D:/Documents/Album/PhoneAlbum/Camera/IMG_20220729_133031.jpg', 'D:/Documents/Album/PhoneAlbum/Camera/IMG_20220815_095328.jpg', 'D:/Documents/Album/PhoneAlbum/Camera/IMG_20220815_095437.jpg', 'D:/Documents/Album/PhoneAlbum/Camera/IMG_20220815_095449.jpg', 'D:/Documents/Album/PhoneAlbum/Camera/IMG_20220815_095510.jpg', 'D:/Documents/Album/PhoneAlbum/Camera/share_3bd51593ed2718de66053e6705794396.mp4', 'D:/Documents/Album/PhoneAlbum/Camera/share_b29414b63042f4bcaa8816640486a62e.mp4', 'D:/Documents/Album/PhoneAlbum/Camera/share_eef1a44a4c8df54e1b33a891a859328a.mp4', 'D:/Documents/Album/PhoneAlbum/Camera/share_fb81d06a3c6ae31d2b8e09146f8299c8.mp4', 'D:/Documents/Album/PhoneAlbum/Screenshots/.escheck.tmp', 'D:/Documents/Album/PhoneAlbum/Screenshots/Screenshot_20220828_174148.jpg', 'D:/Documents/Album/PhoneAlbum/Screenshots/Screenshot_20220828_181443.jpg', 'D:/Documents/Album/PhoneAlbum/大二上课程表']
2022-08-29 17:10:26.744294
操作失败或登录超时，请核对路径以及端口、主机名、用户名以及密码
13 following files are redundant:
 ['D:/Documents/Album/PhoneAlbum/Camera/IMG_20220729_133031.jpg', 'D:/Documents/Album/PhoneAlbum/Camera/IMG_20220815_095328.jpg', 'D:/Documents/Album/PhoneAlbum/Camera/IMG_20220815_095437.jpg', 'D:/Documents/Album/PhoneAlbum/Camera/IMG_20220815_095449.jpg', 'D:/Documents/Album/PhoneAlbum/Camera/IMG_20220815_095510.jpg', 'D:/Documents/Album/PhoneAlbum/Camera/share_3bd51593ed2718de66053e6705794396.mp4', 'D:/Documents/Album/PhoneAlbum/Camera/share_b29414b63042f4bcaa8816640486a62e.mp4', 'D:/Documents/Album/PhoneAlbum/Camera/share_eef1a44a4c8df54e1b33a891a859328a.mp4', 'D:/Documents/Album/PhoneAlbum/Camera/share_fb81d06a3c6ae31d2b8e09146f8299c8.mp4', 'D:/Documents/Album/PhoneAlbum/Screenshots/.escheck.tmp', 'D:/Documents/Album/PhoneAlbum/Screenshots/Screenshot_20220828_174148.jpg', 'D:/Documents/Album/PhoneAlbum/Screenshots/Screenshot_20220828_181443.jpg', 'D:/Documents/Album/PhoneAlbum/大二上课程表']
2022-08-29 17:11:46.778064
2022-08-29 17:13:56.707918
13 following files are redundant:
 ['D:/Documents/Album/PhoneAlbum/Camera/IMG_20220729_133031.jpg', 'D:/Documents/Album/PhoneAlbum/Camera/IMG_20220815_095328.jpg', 'D:/Documents/Album/PhoneAlbum/Camera/IMG_20220815_095437.jpg', 'D:/Documents/Album/PhoneAlbum/Camera/IMG_20220815_095449.jpg', 'D:/Documents/Album/PhoneAlbum/Camera/IMG_20220815_095510.jpg', 'D:/Documents/Album/PhoneAlbum/Camera/share_3bd51593ed2718de66053e6705794396.mp4', 'D:/Documents/Album/PhoneAlbum/Camera/share_b29414b63042f4bcaa8816640486a62e.mp4', 'D:/Documents/Album/PhoneAlbum/Camera/share_eef1a44a4c8df54e1b33a891a859328a.mp4', 'D:/Documents/Album/PhoneAlbum/Camera/share_fb81d06a3c6ae31d2b8e09146f8299c8.mp4', 'D:/Documents/Album/PhoneAlbum/Screenshots/.escheck.tmp', 'D:/Documents/Album/PhoneAlbum/Screenshots/Screenshot_20220828_174148.jpg', 'D:/Documents/Album/PhoneAlbum/Screenshots/Screenshot_20220828_181443.jpg', 'D:/Documents/Album/PhoneAlbum/大二上课程表']
2022-08-29 17:23:37.628355
13 following files are redundant:
 ['D:/Documents/Album/PhoneAlbum/Camera/IMG_20220729_133031.jpg', 'D:/Documents/Album/PhoneAlbum/Camera/IMG_20220815_095328.jpg', 'D:/Documents/Album/PhoneAlbum/Camera/IMG_20220815_095437.jpg', 'D:/Documents/Album/PhoneAlbum/Camera/IMG_20220815_095449.jpg', 'D:/Documents/Album/PhoneAlbum/Camera/IMG_20220815_095510.jpg', 'D:/Documents/Album/PhoneAlbum/Camera/share_3bd51593ed2718de66053e6705794396.mp4', 'D:/Documents/Album/PhoneAlbum/Camera/share_b29414b63042f4bcaa8816640486a62e.mp4', 'D:/Documents/Album/PhoneAlbum/Camera/share_eef1a44a4c8df54e1b33a891a859328a.mp4', 'D:/Documents/Album/PhoneAlbum/Camera/share_fb81d06a3c6ae31d2b8e09146f8299c8.mp4', 'D:/Documents/Album/PhoneAlbum/Screenshots/.escheck.tmp', 'D:/Documents/Album/PhoneAlbum/Screenshots/Screenshot_20220828_174148.jpg', 'D:/Documents/Album/PhoneAlbum/Screenshots/Screenshot_20220828_181443.jpg', 'D:/Documents/Album/PhoneAlbum/大二上课程表']
All redundant files deleted
2022-08-29 17:27:25.190914
2022-08-29 17:27:37.400105
0 following files are redundant:
 []
2022-08-29 17:35:36.562979
2022-08-29 17:38:03.741164
0 following files were updated:
 []
0 following files failed to fetch:
 []
2022-08-29 17:45:12.513882
2022-08-29 18:26:21.045454
操作失败或登录超时，请核对路径以及端口、主机名、用户名以及密码
0 following files were updated:
 []
0 following files failed to fetch:
 []
0 following files were updated:
 []
0 following files failed to fetch:
 []
1 following files were updated:
 ['D:/Documents/Album/PhoneAlbum/Screenshots/Games/Screenrecording_20201203_123638_com.tencent.tmgp.sgame.mp4']
0 following files failed to fetch:
 []
2022-08-29 18:37:33.395541
操作失败或登录超时，请核对路径以及端口、主机名、用户名以及密码
操作失败或登录超时，请核对路径以及端口、主机名、用户名以及密码
2022-08-29 18:38:05.437737
操作失败或登录超时，请核对路径以及端口、主机名、用户名以及密码
4 following files were updated:
 ['D:/Documents/ftpTestsave/films/films.docx', 'D:/Documents/ftpTestsave/films/tt/火箭发射.jpg', 'D:/Documents/ftpTestsave/sync.txt', 'D:/Documents/ftpTestsave/gg/蝙蝠标志.jpg']
0 following files failed to fetch:
 []
0 following files were updated:
 []
0 following files failed to fetch:
 []
0 following files were updated:
 []
0 following files failed to fetch:
 []
0 following files were updated:
 []
0 following files failed to fetch:
 []
0 following files are redundant:
 []
0 following files were updated:
 []
0 following files failed to fetch:
 []
1 following files were updated:
 ['D:/Documents/ftpTestsave/sync.txt']
0 following files failed to fetch:
 []
0 following files were updated:
 []
0 following files failed to fetch:
 []
0 following files were updated:
 []
0 following files failed to fetch:
 []
0 following files were updated:
 []
0 following files failed to fetch:
 []
0 following files were updated:
 []
0 following files failed to fetch:
 []
1 following files were updated:
 ['D:/Documents/ftpTestsave/sync.txt']
0 following files failed to fetch:
 []
2022-08-29 19:05:05.601160
2022-08-29 19:08:59.785701
2022-08-29 19:21:16.380746
操作失败或登录超时，请核对路径以及端口、主机名、用户名以及密码
2022-08-29 19:42:17.377659
操作失败或登录超时，请核对路径以及端口、主机名、用户名以及密码
2022-08-29 19:53:41.008294
操作失败或登录超时，请核对路径以及端口、主机名、用户名以及密码
操作失败或登录超时，请核对路径以及端口、主机名、用户名以及密码
操作失败或登录超时，请核对路径以及端口、主机名、用户名以及密码
操作失败或登录超时，请核对路径以及端口、主机名、用户名以及密码
操作失败或登录超时，请核对路径以及端口、主机名、用户名以及密码
2022-08-29 19:54:14.819467
操作失败或登录超时，请核对路径以及端口、主机名、用户名以及密码
2022-08-29 19:54:35.188504
操作失败或登录超时，请核对路径以及端口、主机名、用户名以及密码
2022-08-29 19:55:52.073689
2022-08-29 19:58:53.153789
操作失败或登录超时，请核对路径以及端口、主机名、用户名以及密码
2022-08-29 20:00:09.672604
2022-08-29 20:02:31.499392
操作失败或登录超时，请核对路径以及端口、主机名、用户名以及密码
2022-08-29 20:04:44.240808
操作失败或登录超时，请核对路径以及端口、主机名、用户名以及密码
0 following files are redundant:
 []
操作失败或登录超时，请核对路径以及端口、主机名、用户名以及密码
操作失败或登录超时，请核对路径以及端口、主机名、用户名以及密码
操作失败或登录超时，请核对路径以及端口、主机名、用户名以及密码
0 following files are redundant:
 []
0 following files are redundant:
 []
