2022-08-29 16:42:22.780352
操作失败或登录超时，请核对路径以及端口、主机名、用户名以及密码
操作失败或登录超时，请核对路径以及端口、主机名、用户名以及密码
2022-08-29 17:26:02.239641
13 following files are redundant:
 ['D:/Documents/Album/PhoneAlbum/Camera/IMG_20220729_133031.jpg', 'D:/Documents/Album/PhoneAlbum/Camera/IMG_20220815_095328.jpg', 'D:/Documents/Album/PhoneAlbum/Camera/IMG_20220815_095437.jpg', 'D:/Documents/Album/PhoneAlbum/Camera/IMG_20220815_095449.jpg', 'D:/Documents/Album/PhoneAlbum/Camera/IMG_20220815_095510.jpg', 'D:/Documents/Album/PhoneAlbum/Camera/share_3bd51593ed2718de66053e6705794396.mp4', 'D:/Documents/Album/PhoneAlbum/Camera/share_b29414b63042f4bcaa8816640486a62e.mp4', 'D:/Documents/Album/PhoneAlbum/Camera/share_eef1a44a4c8df54e1b33a891a859328a.mp4', 'D:/Documents/Album/PhoneAlbum/Camera/share_fb81d06a3c6ae31d2b8e09146f8299c8.mp4', 'D:/Documents/Album/PhoneAlbum/Screenshots/.escheck.tmp', 'D:/Documents/Album/PhoneAlbum/Screenshots/Screenshot_20220828_174148.jpg', 'D:/Documents/Album/PhoneAlbum/Screenshots/Screenshot_20220828_181443.jpg', 'D:/Documents/Album/PhoneAlbum/大二上课程表']
All redundant files deleted
0 following files are redundant:
 []
操作失败或登录超时，请核对路径以及端口、主机名、用户名以及密码
2022-08-29 17:29:06.653178
Error! D:/Documents/Album/PhoneAlbum/Camera/IMG_20201013_234926.jpg
操作失败或登录超时，请核对路径以及端口、主机名、用户名以及密码
2022-08-29 17:34:46.636430
操作失败或登录超时，请核对路径以及端口、主机名、用户名以及密码
操作失败或登录超时，请核对路径以及端口、主机名、用户名以及密码
2022-08-29 17:35:22.847259
操作失败或登录超时，请核对路径以及端口、主机名、用户名以及密码
操作失败或登录超时，请核对路径以及端口、主机名、用户名以及密码
操作失败或登录超时，请核对路径以及端口、主机名、用户名以及密码
操作失败或登录超时，请核对路径以及端口、主机名、用户名以及密码
操作失败或登录超时，请核对路径以及端口、主机名、用户名以及密码
操作失败或登录超时，请核对路径以及端口、主机名、用户名以及密码
操作失败或登录超时，请核对路径以及端口、主机名、用户名以及密码
操作失败或登录超时，请核对路径以及端口、主机名、用户名以及密码
操作失败或登录超时，请核对路径以及端口、主机名、用户名以及密码
操作失败或登录超时，请核对路径以及端口、主机名、用户名以及密码
操作失败或登录超时，请核对路径以及端口、主机名、用户名以及密码
2022-08-29 17:35:57.582773
操作失败或登录超时，请核对路径以及端口、主机名、用户名以及密码
操作失败或登录超时，请核对路径以及端口、主机名、用户名以及密码
操作失败或登录超时，请核对路径以及端口、主机名、用户名以及密码
操作失败或登录超时，请核对路径以及端口、主机名、用户名以及密码
操作失败或登录超时，请核对路径以及端口、主机名、用户名以及密码
操作失败或登录超时，请核对路径以及端口、主机名、用户名以及密码
操作失败或登录超时，请核对路径以及端口、主机名、用户名以及密码
操作失败或登录超时，请核对路径以及端口、主机名、用户名以及密码
操作失败或登录超时，请核对路径以及端口、主机名、用户名以及密码
操作失败或登录超时，请核对路径以及端口、主机名、用户名以及密码
操作失败或登录超时，请核对路径以及端口、主机名、用户名以及密码
操作失败或登录超时，请核对路径以及端口、主机名、用户名以及密码
操作失败或登录超时，请核对路径以及端口、主机名、用户名以及密码
操作失败或登录超时，请核对路径以及端口、主机名、用户名以及密码
操作失败或登录超时，请核对路径以及端口、主机名、用户名以及密码
操作失败或登录超时，请核对路径以及端口、主机名、用户名以及密码
操作失败或登录超时，请核对路径以及端口、主机名、用户名以及密码
操作失败或登录超时，请核对路径以及端口、主机名、用户名以及密码
操作失败或登录超时，请核对路径以及端口、主机名、用户名以及密码
操作失败或登录超时，请核对路径以及端口、主机名、用户名以及密码
操作失败或登录超时，请核对路径以及端口、主机名、用户名以及密码
操作失败或登录超时，请核对路径以及端口、主机名、用户名以及密码
操作失败或登录超时，请核对路径以及端口、主机名、用户名以及密码
操作失败或登录超时，请核对路径以及端口、主机名、用户名以及密码
操作失败或登录超时，请核对路径以及端口、主机名、用户名以及密码
操作失败或登录超时，请核对路径以及端口、主机名、用户名以及密码
操作失败或登录超时，请核对路径以及端口、主机名、用户名以及密码
操作失败或登录超时，请核对路径以及端口、主机名、用户名以及密码
操作失败或登录超时，请核对路径以及端口、主机名、用户名以及密码
操作失败或登录超时，请核对路径以及端口、主机名、用户名以及密码
操作失败或登录超时，请核对路径以及端口、主机名、用户名以及密码
操作失败或登录超时，请核对路径以及端口、主机名、用户名以及密码
操作失败或登录超时，请核对路径以及端口、主机名、用户名以及密码
操作失败或登录超时，请核对路径以及端口、主机名、用户名以及密码
操作失败或登录超时，请核对路径以及端口、主机名、用户名以及密码
操作失败或登录超时，请核对路径以及端口、主机名、用户名以及密码
操作失败或登录超时，请核对路径以及端口、主机名、用户名以及密码
2022-08-29 17:37:22.094973
操作失败或登录超时，请核对路径以及端口、主机名、用户名以及密码
操作失败或登录超时，请核对路径以及端口、主机名、用户名以及密码
操作失败或登录超时，请核对路径以及端口、主机名、用户名以及密码
操作失败或登录超时，请核对路径以及端口、主机名、用户名以及密码
操作失败或登录超时，请核对路径以及端口、主机名、用户名以及密码
操作失败或登录超时，请核对路径以及端口、主机名、用户名以及密码
操作失败或登录超时，请核对路径以及端口、主机名、用户名以及密码
操作失败或登录超时，请核对路径以及端口、主机名、用户名以及密码
操作失败或登录超时，请核对路径以及端口、主机名、用户名以及密码
操作失败或登录超时，请核对路径以及端口、主机名、用户名以及密码
操作失败或登录超时，请核对路径以及端口、主机名、用户名以及密码
操作失败或登录超时，请核对路径以及端口、主机名、用户名以及密码
操作失败或登录超时，请核对路径以及端口、主机名、用户名以及密码
操作失败或登录超时，请核对路径以及端口、主机名、用户名以及密码
操作失败或登录超时，请核对路径以及端口、主机名、用户名以及密码
操作失败或登录超时，请核对路径以及端口、主机名、用户名以及密码
操作失败或登录超时，请核对路径以及端口、主机名、用户名以及密码
操作失败或登录超时，请核对路径以及端口、主机名、用户名以及密码
操作失败或登录超时，请核对路径以及端口、主机名、用户名以及密码
操作失败或登录超时，请核对路径以及端口、主机名、用户名以及密码
操作失败或登录超时，请核对路径以及端口、主机名、用户名以及密码
操作失败或登录超时，请核对路径以及端口、主机名、用户名以及密码
操作失败或登录超时，请核对路径以及端口、主机名、用户名以及密码
操作失败或登录超时，请核对路径以及端口、主机名、用户名以及密码
操作失败或登录超时，请核对路径以及端口、主机名、用户名以及密码
操作失败或登录超时，请核对路径以及端口、主机名、用户名以及密码
操作失败或登录超时，请核对路径以及端口、主机名、用户名以及密码
操作失败或登录超时，请核对路径以及端口、主机名、用户名以及密码
操作失败或登录超时，请核对路径以及端口、主机名、用户名以及密码
操作失败或登录超时，请核对路径以及端口、主机名、用户名以及密码
操作失败或登录超时，请核对路径以及端口、主机名、用户名以及密码
操作失败或登录超时，请核对路径以及端口、主机名、用户名以及密码
操作失败或登录超时，请核对路径以及端口、主机名、用户名以及密码
操作失败或登录超时，请核对路径以及端口、主机名、用户名以及密码
操作失败或登录超时，请核对路径以及端口、主机名、用户名以及密码
操作失败或登录超时，请核对路径以及端口、主机名、用户名以及密码
操作失败或登录超时，请核对路径以及端口、主机名、用户名以及密码
操作失败或登录超时，请核对路径以及端口、主机名、用户名以及密码
操作失败或登录超时，请核对路径以及端口、主机名、用户名以及密码
操作失败或登录超时，请核对路径以及端口、主机名、用户名以及密码
操作失败或登录超时，请核对路径以及端口、主机名、用户名以及密码
操作失败或登录超时，请核对路径以及端口、主机名、用户名以及密码
操作失败或登录超时，请核对路径以及端口、主机名、用户名以及密码
操作失败或登录超时，请核对路径以及端口、主机名、用户名以及密码
操作失败或登录超时，请核对路径以及端口、主机名、用户名以及密码
操作失败或登录超时，请核对路径以及端口、主机名、用户名以及密码
操作失败或登录超时，请核对路径以及端口、主机名、用户名以及密码
操作失败或登录超时，请核对路径以及端口、主机名、用户名以及密码
操作失败或登录超时，请核对路径以及端口、主机名、用户名以及密码
操作失败或登录超时，请核对路径以及端口、主机名、用户名以及密码
操作失败或登录超时，请核对路径以及端口、主机名、用户名以及密码
操作失败或登录超时，请核对路径以及端口、主机名、用户名以及密码
操作失败或登录超时，请核对路径以及端口、主机名、用户名以及密码
操作失败或登录超时，请核对路径以及端口、主机名、用户名以及密码
操作失败或登录超时，请核对路径以及端口、主机名、用户名以及密码
操作失败或登录超时，请核对路径以及端口、主机名、用户名以及密码
操作失败或登录超时，请核对路径以及端口、主机名、用户名以及密码
操作失败或登录超时，请核对路径以及端口、主机名、用户名以及密码
操作失败或登录超时，请核对路径以及端口、主机名、用户名以及密码
操作失败或登录超时，请核对路径以及端口、主机名、用户名以及密码
操作失败或登录超时，请核对路径以及端口、主机名、用户名以及密码
2022-08-29 17:41:26.441542
操作失败或登录超时，请核对路径以及端口、主机名、用户名以及密码
操作失败或登录超时，请核对路径以及端口、主机名、用户名以及密码
操作失败或登录超时，请核对路径以及端口、主机名、用户名以及密码
2022-08-29 17:42:50.047470
操作失败或登录超时，请核对路径以及端口、主机名、用户名以及密码
操作失败或登录超时，请核对路径以及端口、主机名、用户名以及密码
操作失败或登录超时，请核对路径以及端口、主机名、用户名以及密码
操作失败或登录超时，请核对路径以及端口、主机名、用户名以及密码
Error! D:/Documents/Album/PhoneAlbum/Camera/IMG_20200312_103954.jpg
操作失败或登录超时，请核对路径以及端口、主机名、用户名以及密码
2022-08-29 17:45:44.326627
89 following files were updated:
 ['D:/Documents/Album/PhoneAlbum/Camera/IMG_20200827_121635.jpg', 'D:/Documents/Album/PhoneAlbum/Camera/IMG_20200827_122928.jpg', 'D:/Documents/Album/PhoneAlbum/Camera/IMG_20200827_134530.jpg', 'D:/Documents/Album/PhoneAlbum/Camera/IMG_20190828_193758.jpg', 'D:/Documents/Album/PhoneAlbum/Camera/IMG_20210827_150309.jpg', 'D:/Documents/Album/PhoneAlbum/Camera/IMG_20200827_130440.jpg', 'D:/Documents/Album/PhoneAlbum/Camera/IMG_20200827_112234.jpg', 'D:/Documents/Album/PhoneAlbum/Camera/IMG_20190828_054943.jpg', 'D:/Documents/Album/PhoneAlbum/Camera/IMG_20200827_112225.jpg', 'D:/Documents/Album/PhoneAlbum/Camera/IMG_20200312_103954.jpg', 'D:/Documents/Album/PhoneAlbum/Camera/IMG_20220828_125519.jpg', 'D:/Documents/Album/PhoneAlbum/Camera/IMG_20190828_200650.jpg', 'D:/Documents/Album/PhoneAlbum/Camera/IMG_20220826_210723.jpg', 'D:/Documents/Album/PhoneAlbum/Camera/IMG_20190827_213136.jpg', 'D:/Documents/Album/PhoneAlbum/Camera/IMG_20200829_141421.jpg', 'D:/Documents/Album/PhoneAlbum/Camera/IMG_20220824_185919.jpg', 'D:/Documents/Album/PhoneAlbum/Camera/IMG_20220827_132442.jpg', 'D:/Documents/Album/PhoneAlbum/Camera/IMG_20200828_134323.jpg', 'D:/Documents/Album/PhoneAlbum/Camera/IMG_20200827_130225.jpg', 'D:/Documents/Album/PhoneAlbum/Camera/IMG_20190829_122039.jpg', 'D:/Documents/Album/PhoneAlbum/Camera/IMG_20200827_153706.jpg', 'D:/Documents/Album/PhoneAlbum/Camera/IMG_20210826_201735.jpg', 'D:/Documents/Album/PhoneAlbum/Camera/IMG_20220825_181103.jpg', 'D:/Documents/Album/PhoneAlbum/Camera/IMG_20220826_171026.jpg', 'D:/Documents/Album/PhoneAlbum/Camera/IMG_20210824_222847.jpg', 'D:/Documents/Album/PhoneAlbum/Camera/IMG_20200827_112304.jpg', 'D:/Documents/Album/PhoneAlbum/Camera/IMG_20210826_201338.jpg', 'D:/Documents/Album/PhoneAlbum/Camera/IMG_20210824_212312.jpg', 'D:/Documents/Album/PhoneAlbum/Camera/IMG_20220824_172903.jpg', 'D:/Documents/Album/PhoneAlbum/Camera/IMG_20210824_222840.jpg', 'D:/Documents/Album/PhoneAlbum/Camera/IMG_20200829_132646.jpg', 'D:/Documents/Album/PhoneAlbum/Camera/IMG_20200829_141427.jpg', 'D:/Documents/Album/PhoneAlbum/Camera/IMG_20200827_121841.jpg', 'D:/Documents/Album/PhoneAlbum/Camera/IMG_20200825_190000.jpg', 'D:/Documents/Album/PhoneAlbum/Camera/IMG_20220826_170340.jpg', 'D:/Documents/Album/PhoneAlbum/Camera/IMG_20200824_230753.jpg', 'D:/Documents/Album/PhoneAlbum/Camera/IMG_20190828_080924.jpg', 'D:/Documents/Album/PhoneAlbum/Camera/IMG_20220826_172206.jpg', 'D:/Documents/Album/PhoneAlbum/Camera/IMG_20210827_130741.jpg', 'D:/Documents/Album/PhoneAlbum/Camera/.watermark/time_3264x2448.png', 'D:/Documents/Album/PhoneAlbum/Camera/.watermark/time_4608x3456.png', 'D:/Documents/Album/PhoneAlbum/Camera/.watermark/time_3264x2448.yuv', 'D:/Documents/Album/PhoneAlbum/Camera/.watermark/time_4608x3456.yuv', 'D:/Documents/Album/PhoneAlbum/Camera/IMG_20220826_171744.jpg', 'D:/Documents/Album/PhoneAlbum/Camera/IMG_20210825_171812.jpg', 'D:/Documents/Album/PhoneAlbum/Camera/IMG_20220826_170358.jpg', 'D:/Documents/Album/PhoneAlbum/Camera/IMG_20190829_143639.jpg', 'D:/Documents/Album/PhoneAlbum/Camera/IMG_20220825_181022.jpg', 'D:/Documents/Album/PhoneAlbum/Camera/IMG_20190828_064559.jpg', 'D:/Documents/Album/PhoneAlbum/Camera/IMG_20210829_102041.jpg', 'D:/Documents/Album/PhoneAlbum/Camera/IMG_20190827_213203.jpg', 'D:/Documents/Album/PhoneAlbum/Camera/IMG_20220826_171022.jpg', 'D:/Documents/Album/PhoneAlbum/Camera/IMG_20190828_073208.jpg', 'D:/Documents/Album/PhoneAlbum/Camera/IMG_20200827_130535.jpg', 'D:/Documents/Album/PhoneAlbum/Camera/IMG_20220826_172021.jpg', 'D:/Documents/Album/PhoneAlbum/Camera/IMG_20210824_212226.jpg', 'D:/Documents/Album/PhoneAlbum/Camera/IMG_20190828_072218.jpg', 'D:/Documents/Album/PhoneAlbum/Camera/IMG_20200827_130148.jpg', 'D:/Documents/Album/PhoneAlbum/Camera/IMG_20200827_112903.jpg', 'D:/Documents/Album/PhoneAlbum/Camera/IMG_20200827_130141.jpg', 'D:/Documents/Album/PhoneAlbum/Camera/IMG_20220826_170245.jpg', 'D:/Documents/Album/PhoneAlbum/Camera/IMG_20220825_112954.jpg', 'D:/Documents/Album/PhoneAlbum/Camera/IMG_20200827_130446.jpg', 'D:/Documents/Album/PhoneAlbum/Camera/IMG_20210824_222813.jpg', 'D:/Documents/Album/PhoneAlbum/Camera/temp_IMG_20220824_181023.jpg', 'D:/Documents/Album/PhoneAlbum/Camera/IMG_20200827_153827.jpg', 'D:/Documents/Album/PhoneAlbum/Camera/IMG_20200827_134538.jpg', 'D:/Documents/Album/PhoneAlbum/Camera/IMG_20220826_170546.jpg', 'D:/Documents/Album/PhoneAlbum/Camera/IMG_20210827_133219.jpg', 'D:/Documents/Album/PhoneAlbum/Camera/IMG_20190828_194003.jpg', 'D:/Documents/Album/PhoneAlbum/Camera/IMG_20190828_222718.jpg', 'D:/Documents/Album/PhoneAlbum/Camera/IMG_20190824_201722.jpg', 'D:/Documents/Album/PhoneAlbum/Camera/IMG_20220826_170929.jpg', 'D:/Documents/Album/PhoneAlbum/Camera/IMG_20220826_171748.jpg', 'D:/Documents/Album/PhoneAlbum/Camera/IMG_20210827_133224.jpg', 'D:/Documents/Album/PhoneAlbum/Camera/IMG_20220826_170713.jpg', 'D:/Documents/Album/PhoneAlbum/Camera/IMG_20190828_134055.jpg', 'D:/Documents/Album/PhoneAlbum/Camera/IMG_20190828_080049.jpg', 'D:/Documents/Album/PhoneAlbum/Camera/IMG_20220826_204510.jpg', 'D:/Documents/Album/PhoneAlbum/Camera/IMG_20200827_130217.jpg', 'D:/Documents/Album/PhoneAlbum/Camera/IMG_20220825_181154.jpg', 'D:/Documents/Album/PhoneAlbum/Camera/IMG_20220825_181157.jpg', 'D:/Documents/Album/PhoneAlbum/Camera/video_20220827_151542.mp4', 'D:/Documents/Album/PhoneAlbum/Camera/IMG_20190827_213216.jpg', 'D:/Documents/Album/PhoneAlbum/Camera/IMG_20210826_203755.jpg', 'D:/Documents/Album/PhoneAlbum/Camera/IMG_20210829_102020.jpg', 'D:/Documents/Album/PhoneAlbum/Camera/video_20220829_111613.mp4', 'D:/Documents/Album/PhoneAlbum/Camera/IMG_20200827_134550.jpg', 'D:/Documents/Album/PhoneAlbum/Camera/IMG_20200827_122918.jpg']
0 following files failed to fetch:
 []
62 following files were updated:
 ['D:/Documents/Album/PhoneAlbum/Camera/IMG_20200827_121635.jpg', 'D:/Documents/Album/PhoneAlbum/Camera/IMG_20200827_122928.jpg', 'D:/Documents/Album/PhoneAlbum/Camera/IMG_20200827_134530.jpg', 'D:/Documents/Album/PhoneAlbum/Camera/IMG_20190828_193758.jpg', 'D:/Documents/Album/PhoneAlbum/Camera/IMG_20210827_150309.jpg', 'D:/Documents/Album/PhoneAlbum/Camera/IMG_20200827_130440.jpg', 'D:/Documents/Album/PhoneAlbum/Camera/IMG_20200827_112234.jpg', 'D:/Documents/Album/PhoneAlbum/Camera/IMG_20190828_054943.jpg', 'D:/Documents/Album/PhoneAlbum/Camera/IMG_20200827_112225.jpg', 'D:/Documents/Album/PhoneAlbum/Camera/IMG_20190828_200650.jpg', 'D:/Documents/Album/PhoneAlbum/Camera/IMG_20190827_213136.jpg', 'D:/Documents/Album/PhoneAlbum/Camera/IMG_20200829_141421.jpg', 'D:/Documents/Album/PhoneAlbum/Camera/IMG_20200828_134323.jpg', 'D:/Documents/Album/PhoneAlbum/Camera/IMG_20200827_130225.jpg', 'D:/Documents/Album/PhoneAlbum/Camera/IMG_20190829_122039.jpg', 'D:/Documents/Album/PhoneAlbum/Camera/IMG_20200827_153706.jpg', 'D:/Documents/Album/PhoneAlbum/Camera/IMG_20210826_201735.jpg', 'D:/Documents/Album/PhoneAlbum/Camera/IMG_20210824_222847.jpg', 'D:/Documents/Album/PhoneAlbum/Camera/IMG_20200827_112304.jpg', 'D:/Documents/Album/PhoneAlbum/Camera/IMG_20210826_201338.jpg', 'D:/Documents/Album/PhoneAlbum/Camera/IMG_20210824_212312.jpg', 'D:/Documents/Album/PhoneAlbum/Camera/IMG_20210824_222840.jpg', 'D:/Documents/Album/PhoneAlbum/Camera/IMG_20200829_132646.jpg', 'D:/Documents/Album/PhoneAlbum/Camera/IMG_20200829_141427.jpg', 'D:/Documents/Album/PhoneAlbum/Camera/IMG_20200827_121841.jpg', 'D:/Documents/Album/PhoneAlbum/Camera/IMG_20200825_190000.jpg', 'D:/Documents/Album/PhoneAlbum/Camera/IMG_20200824_230753.jpg', 'D:/Documents/Album/PhoneAlbum/Camera/IMG_20190828_080924.jpg', 'D:/Documents/Album/PhoneAlbum/Camera/IMG_20210827_130741.jpg', 'D:/Documents/Album/PhoneAlbum/Camera/.watermark/time_3264x2448.png', 'D:/Documents/Album/PhoneAlbum/Camera/.watermark/time_4608x3456.png', 'D:/Documents/Album/PhoneAlbum/Camera/.watermark/time_3264x2448.yuv', 'D:/Documents/Album/PhoneAlbum/Camera/.watermark/time_4608x3456.yuv', 'D:/Documents/Album/PhoneAlbum/Camera/IMG_20210825_171812.jpg', 'D:/Documents/Album/PhoneAlbum/Camera/IMG_20190829_143639.jpg', 'D:/Documents/Album/PhoneAlbum/Camera/IMG_20190828_064559.jpg', 'D:/Documents/Album/PhoneAlbum/Camera/IMG_20210829_102041.jpg', 'D:/Documents/Album/PhoneAlbum/Camera/IMG_20190827_213203.jpg', 'D:/Documents/Album/PhoneAlbum/Camera/IMG_20190828_073208.jpg', 'D:/Documents/Album/PhoneAlbum/Camera/IMG_20200827_130535.jpg', 'D:/Documents/Album/PhoneAlbum/Camera/IMG_20210824_212226.jpg', 'D:/Documents/Album/PhoneAlbum/Camera/IMG_20190828_072218.jpg', 'D:/Documents/Album/PhoneAlbum/Camera/IMG_20200827_130148.jpg', 'D:/Documents/Album/PhoneAlbum/Camera/IMG_20200827_112903.jpg', 'D:/Documents/Album/PhoneAlbum/Camera/IMG_20200827_130141.jpg', 'D:/Documents/Album/PhoneAlbum/Camera/IMG_20200827_130446.jpg', 'D:/Documents/Album/PhoneAlbum/Camera/IMG_20210824_222813.jpg', 'D:/Documents/Album/PhoneAlbum/Camera/IMG_20200827_153827.jpg', 'D:/Documents/Album/PhoneAlbum/Camera/IMG_20200827_134538.jpg', 'D:/Documents/Album/PhoneAlbum/Camera/IMG_20210827_133219.jpg', 'D:/Documents/Album/PhoneAlbum/Camera/IMG_20190828_194003.jpg', 'D:/Documents/Album/PhoneAlbum/Camera/IMG_20190828_222718.jpg', 'D:/Documents/Album/PhoneAlbum/Camera/IMG_20190824_201722.jpg', 'D:/Documents/Album/PhoneAlbum/Camera/IMG_20210827_133224.jpg', 'D:/Documents/Album/PhoneAlbum/Camera/IMG_20190828_134055.jpg', 'D:/Documents/Album/PhoneAlbum/Camera/IMG_20190828_080049.jpg', 'D:/Documents/Album/PhoneAlbum/Camera/IMG_20200827_130217.jpg', 'D:/Documents/Album/PhoneAlbum/Camera/IMG_20190827_213216.jpg', 'D:/Documents/Album/PhoneAlbum/Camera/IMG_20210826_203755.jpg', 'D:/Documents/Album/PhoneAlbum/Camera/IMG_20210829_102020.jpg', 'D:/Documents/Album/PhoneAlbum/Camera/IMG_20200827_134550.jpg', 'D:/Documents/Album/PhoneAlbum/Camera/IMG_20200827_122918.jpg']
0 following files failed to fetch:
 []
2022-08-29 19:09:09.052612
操作失败或登录超时，请核对路径以及端口、主机名、用户名以及密码
2022-08-29 19:15:42.501581
2022-08-29 19:19:13.965090
操作失败或登录超时，请核对路径以及端口、主机名、用户名以及密码
2022-08-29 19:21:39.216732
操作失败或登录超时，请核对路径以及端口、主机名、用户名以及密码
2022-08-29 20:12:01.083053
操作失败或登录超时，请核对路径以及端口、主机名、用户名以及密码
3 following files were updated:
 ['D:/Documents/Album/PhoneAlbum/Camera/.watermark/time_4608x3456.png', 'D:/Documents/Album/PhoneAlbum/Camera/.watermark/time_4608x3456.yuv', 'D:/Documents/Album/PhoneAlbum/Camera/IMG_20220829_180155.jpg']
0 following files failed to fetch:
 []
0 following files are redundant:
 []
0 following files were updated:
 []
0 following files failed to fetch:
 []
0 following files are redundant:
 []
操作失败或登录超时，请核对路径以及端口、主机名、用户名以及密码
操作失败或登录超时，请核对路径以及端口、主机名、用户名以及密码
51 following files were updated:
 ['D:/Documents/Album/PhoneAlbum/.tmfs/1491765371/sk_g.dat', 'D:/Documents/Album/PhoneAlbum/.tmfs/1635328017/sk_g.dat', 'D:/Documents/Album/PhoneAlbum/.tmfs/1200662948/sk_g.dat', 'D:/Documents/Album/PhoneAlbum/.tmfs/460049591/sk_g.dat', 'D:/Documents/Album/PhoneAlbum/.tmfs/1175536078/sk_g.dat', 'D:/Documents/Album/PhoneAlbum/.tmfs/103532384/sk_g.dat', 'D:/Documents/Album/PhoneAlbum/.tmfs/895188853/sk_g.dat', 'D:/Documents/Album/PhoneAlbum/.tmfs/796004189/sk_g.dat', 'D:/Documents/Album/PhoneAlbum/.tmfs/.turing.dat', 'D:/Documents/Album/PhoneAlbum/.tmfs/sk_v.dat', 'D:/Documents/Album/PhoneAlbum/.tmfs/19bba2d0-a93c-11e9-8651-69fc658ae45b/sk_v_test.dat', 'D:/Documents/Album/PhoneAlbum/Sgame/share_132487491581969790.png', 'D:/Documents/Album/PhoneAlbum/Sgame/share_132697190652769830.png', 'D:/Documents/Album/PhoneAlbum/Sgame/share_132563906012754470.png', 'D:/Documents/Album/PhoneAlbum/Sgame/share_132567302302413240.mp4', 'D:/Documents/Album/PhoneAlbum/Sgame/share_132318950587617620.png', 'D:/Documents/Album/PhoneAlbum/Sgame/share_132563905586388550.png', 'D:/Documents/Album/PhoneAlbum/Sgame/share_132492690105178460.png', 'D:/Documents/Album/PhoneAlbum/Sgame/share_132563903664606940.png', 'D:/Documents/Album/PhoneAlbum/Sgame/share_132567300589144180.mp4', 'D:/Documents/Album/PhoneAlbum/Sgame/share_133001299045097240.png', 'D:/Documents/Album/PhoneAlbum/Sgame/share_132563906322720540.png', 'D:/Documents/Album/PhoneAlbum/Sgame/share_132563905376971330.png', 'D:/Documents/Album/PhoneAlbum/Sgame/share_132595896284393210.png', 'D:/Documents/Album/PhoneAlbum/Sgame/share_132969313018474630.png', 'D:/Documents/Album/PhoneAlbum/Sgame/share_132563906097136350.png', 'D:/Documents/Album/PhoneAlbum/Sgame/share_132934153107781330.png', 'D:/Documents/Album/PhoneAlbum/Sgame/share_132643066005051660.png', 'D:/Documents/Album/PhoneAlbum/Sgame/share_132798529109458530.png', 'D:/Documents/Album/PhoneAlbum/Sgame/share_132823218722304290.png', 'D:/Documents/Album/PhoneAlbum/Jovi Vision IMG/IMG_20220508_182456.jpg', 'D:/Documents/Album/PhoneAlbum/Jovi Vision IMG/IMG_20220717_130010.jpg', 'D:/Documents/Album/PhoneAlbum/Jovi Vision IMG/IMG_20211226_184251.jpg', 'D:/Documents/Album/PhoneAlbum/Jovi Vision IMG/IMG_20220508_182658.jpg', 'D:/Documents/Album/PhoneAlbum/Jovi Vision IMG/IMG_20211226_204711.jpg', 'D:/Documents/Album/PhoneAlbum/Jovi Vision IMG/IMG_20211226_204751.jpg', 'D:/Documents/Album/PhoneAlbum/Jovi Vision IMG/IMG_20220523_133739.jpg', 'D:/Documents/Album/PhoneAlbum/Jovi Vision IMG/IMG_20210802_175918.jpg', 'D:/Documents/Album/PhoneAlbum/Jovi Vision IMG/IMG_20220204_195301.jpg', 'D:/Documents/Album/PhoneAlbum/Jovi Vision IMG/IMG_20220508_182735.jpg', 'D:/Documents/Album/PhoneAlbum/Jovi Vision IMG/IMG_20220508_182642.jpg', 'D:/Documents/Album/PhoneAlbum/Jovi Vision IMG/IMG_20220523_133732.jpg', 'D:/Documents/Album/PhoneAlbum/Jovi Vision IMG/IMG_20220508_182955.jpg', 'D:/Documents/Album/PhoneAlbum/Jovi Vision IMG/IMG_20220523_133754.jpg', 'D:/Documents/Album/PhoneAlbum/Jovi Vision IMG/IMG_20220323_180218.jpg', 'D:/Documents/Album/PhoneAlbum/Jovi Vision IMG/IMG_20210806_193230.jpg', 'D:/Documents/Album/PhoneAlbum/Jovi Vision IMG/IMG_20211226_204941.jpg', 'D:/Documents/Album/PhoneAlbum/爸爸HD修复IMG_20220722_230130.jpg', 'D:/Documents/Album/PhoneAlbum/QQSpeed/07_05_2019_19_28_48_3518.png..png', 'D:/Documents/Album/PhoneAlbum/.previewBlur.tmp', 'D:/Documents/Album/PhoneAlbum/.redghj_jklqwpo11.hgk']
0 following files failed to fetch:
 []
17 following files were updated:
 ['D:/Documents/Album/PhoneAlbum/Jovi Vision IMG/IMG_20220508_182456.jpg', 'D:/Documents/Album/PhoneAlbum/Jovi Vision IMG/IMG_20220717_130010.jpg', 'D:/Documents/Album/PhoneAlbum/Jovi Vision IMG/IMG_20211226_184251.jpg', 'D:/Documents/Album/PhoneAlbum/Jovi Vision IMG/IMG_20220508_182658.jpg', 'D:/Documents/Album/PhoneAlbum/Jovi Vision IMG/IMG_20211226_204711.jpg', 'D:/Documents/Album/PhoneAlbum/Jovi Vision IMG/IMG_20211226_204751.jpg', 'D:/Documents/Album/PhoneAlbum/Jovi Vision IMG/IMG_20220523_133739.jpg', 'D:/Documents/Album/PhoneAlbum/Jovi Vision IMG/IMG_20210802_175918.jpg', 'D:/Documents/Album/PhoneAlbum/Jovi Vision IMG/IMG_20220204_195301.jpg', 'D:/Documents/Album/PhoneAlbum/Jovi Vision IMG/IMG_20220508_182735.jpg', 'D:/Documents/Album/PhoneAlbum/Jovi Vision IMG/IMG_20220508_182642.jpg', 'D:/Documents/Album/PhoneAlbum/Jovi Vision IMG/IMG_20220523_133732.jpg', 'D:/Documents/Album/PhoneAlbum/Jovi Vision IMG/IMG_20220508_182955.jpg', 'D:/Documents/Album/PhoneAlbum/Jovi Vision IMG/IMG_20220523_133754.jpg', 'D:/Documents/Album/PhoneAlbum/Jovi Vision IMG/IMG_20220323_180218.jpg', 'D:/Documents/Album/PhoneAlbum/Jovi Vision IMG/IMG_20210806_193230.jpg', 'D:/Documents/Album/PhoneAlbum/Jovi Vision IMG/IMG_20211226_204941.jpg']
0 following files failed to fetch:
 []
操作失败或登录超时，请核对路径以及端口、主机名、用户名以及密码
2022-09-01 17:47:40.706656
2022-09-05 15:53:26.664786
2022-09-22 16:43:18.350995
操作失败或登录超时，请核对路径以及端口、主机名、用户名以及密码
