2022-08-29 16:42:35.023251-同步操作失败或登录超时，请核对路径以及端口、主机名、用户名以及密码.

2022-08-29 16:42:51.196045-同步操作失败或登录超时，请核对路径以及端口、主机名、用户名以及密码.

2022-08-29 17:27:11.947979-同步操作失败或登录超时，请核对路径以及端口、主机名、用户名以及密码.

2022-08-29 17:34:17.969127-Error! D:/Documents/Album/PhoneAlbum/Camera/IMG_20201013_234926.jpg

2022-08-29 17:34:20.001249-同步操作失败或登录超时，请核对路径以及端口、主机名、用户名以及密码.

2022-08-29 17:34:59.906878-ftp服务器路径选择操作失败或登录超时，请核对路径以及端口、主机名、用户名以及密码.

2022-08-29 17:35:06.709064-ftp服务器路径选择操作失败或登录超时，请核对路径以及端口、主机名、用户名以及密码.

2022-08-29 17:35:25.067239-同步操作失败或登录超时，请核对路径以及端口、主机名、用户名以及密码.

2022-08-29 17:35:27.829201-ftp服务器路径选择操作失败或登录超时，请核对路径以及端口、主机名、用户名以及密码.

2022-08-29 17:35:29.089339-ftp服务器路径选择操作失败或登录超时，请核对路径以及端口、主机名、用户名以及密码.

2022-08-29 17:35:29.646582-ftp服务器路径选择操作失败或登录超时，请核对路径以及端口、主机名、用户名以及密码.

2022-08-29 17:35:29.807315-ftp服务器路径选择操作失败或登录超时，请核对路径以及端口、主机名、用户名以及密码.

2022-08-29 17:35:29.994650-ftp服务器路径选择操作失败或登录超时，请核对路径以及端口、主机名、用户名以及密码.

2022-08-29 17:35:30.229820-ftp服务器路径选择操作失败或登录超时，请核对路径以及端口、主机名、用户名以及密码.

2022-08-29 17:35:32.203818-ftp服务器路径选择操作失败或登录超时，请核对路径以及端口、主机名、用户名以及密码.

2022-08-29 17:35:32.404676-ftp服务器路径选择操作失败或登录超时，请核对路径以及端口、主机名、用户名以及密码.

2022-08-29 17:35:32.579936-ftp服务器路径选择操作失败或登录超时，请核对路径以及端口、主机名、用户名以及密码.

2022-08-29 17:35:32.786434-ftp服务器路径选择操作失败或登录超时，请核对路径以及端口、主机名、用户名以及密码.

2022-08-29 17:35:59.225193-ftp服务器路径选择操作失败或登录超时，请核对路径以及端口、主机名、用户名以及密码.

2022-08-29 17:36:00.160149-ftp服务器路径选择操作失败或登录超时，请核对路径以及端口、主机名、用户名以及密码.

2022-08-29 17:36:00.860288-ftp服务器路径选择操作失败或登录超时，请核对路径以及端口、主机名、用户名以及密码.

2022-08-29 17:36:01.113813-ftp服务器路径选择操作失败或登录超时，请核对路径以及端口、主机名、用户名以及密码.

2022-08-29 17:36:01.287060-ftp服务器路径选择操作失败或登录超时，请核对路径以及端口、主机名、用户名以及密码.

2022-08-29 17:36:01.476561-ftp服务器路径选择操作失败或登录超时，请核对路径以及端口、主机名、用户名以及密码.

2022-08-29 17:36:01.648517-ftp服务器路径选择操作失败或登录超时，请核对路径以及端口、主机名、用户名以及密码.

2022-08-29 17:36:01.870867-ftp服务器路径选择操作失败或登录超时，请核对路径以及端口、主机名、用户名以及密码.

2022-08-29 17:36:02.695837-ftp服务器路径选择操作失败或登录超时，请核对路径以及端口、主机名、用户名以及密码.

2022-08-29 17:36:03.106607-ftp服务器路径选择操作失败或登录超时，请核对路径以及端口、主机名、用户名以及密码.

2022-08-29 17:36:03.281380-ftp服务器路径选择操作失败或登录超时，请核对路径以及端口、主机名、用户名以及密码.

2022-08-29 17:36:03.454151-ftp服务器路径选择操作失败或登录超时，请核对路径以及端口、主机名、用户名以及密码.

2022-08-29 17:36:03.629518-ftp服务器路径选择操作失败或登录超时，请核对路径以及端口、主机名、用户名以及密码.

2022-08-29 17:36:03.802371-ftp服务器路径选择操作失败或登录超时，请核对路径以及端口、主机名、用户名以及密码.

2022-08-29 17:36:03.976990-ftp服务器路径选择操作失败或登录超时，请核对路径以及端口、主机名、用户名以及密码.

2022-08-29 17:36:04.168208-ftp服务器路径选择操作失败或登录超时，请核对路径以及端口、主机名、用户名以及密码.

2022-08-29 17:36:04.373297-ftp服务器路径选择操作失败或登录超时，请核对路径以及端口、主机名、用户名以及密码.

2022-08-29 17:36:04.612699-ftp服务器路径选择操作失败或登录超时，请核对路径以及端口、主机名、用户名以及密码.

2022-08-29 17:36:10.755640-检查冗余、删除等操作失败或登录超时，请核对路径以及端口、主机名、用户名以及密码.

2022-08-29 17:36:12.111233-检查冗余、删除等操作失败或登录超时，请核对路径以及端口、主机名、用户名以及密码.

2022-08-29 17:36:14.841500-ftp服务器路径选择操作失败或登录超时，请核对路径以及端口、主机名、用户名以及密码.

2022-08-29 17:36:15.670649-ftp服务器路径选择操作失败或登录超时，请核对路径以及端口、主机名、用户名以及密码.

2022-08-29 17:36:41.929813-ftp服务器路径选择操作失败或登录超时，请核对路径以及端口、主机名、用户名以及密码.

2022-08-29 17:36:43.105332-ftp服务器路径选择操作失败或登录超时，请核对路径以及端口、主机名、用户名以及密码.

2022-08-29 17:36:43.599788-ftp服务器路径选择操作失败或登录超时，请核对路径以及端口、主机名、用户名以及密码.

2022-08-29 17:36:43.774746-ftp服务器路径选择操作失败或登录超时，请核对路径以及端口、主机名、用户名以及密码.

2022-08-29 17:36:43.949045-ftp服务器路径选择操作失败或登录超时，请核对路径以及端口、主机名、用户名以及密码.

2022-08-29 17:36:44.146328-ftp服务器路径选择操作失败或登录超时，请核对路径以及端口、主机名、用户名以及密码.

2022-08-29 17:36:44.646507-ftp服务器路径选择操作失败或登录超时，请核对路径以及端口、主机名、用户名以及密码.

2022-08-29 17:36:44.820416-ftp服务器路径选择操作失败或登录超时，请核对路径以及端口、主机名、用户名以及密码.

2022-08-29 17:36:45.009821-ftp服务器路径选择操作失败或登录超时，请核对路径以及端口、主机名、用户名以及密码.

2022-08-29 17:36:45.216491-ftp服务器路径选择操作失败或登录超时，请核对路径以及端口、主机名、用户名以及密码.

2022-08-29 17:36:45.424329-ftp服务器路径选择操作失败或登录超时，请核对路径以及端口、主机名、用户名以及密码.

2022-08-29 17:37:02.932969-同步操作失败或登录超时，请核对路径以及端口、主机名、用户名以及密码.

2022-08-29 17:37:04.210794-同步操作失败或登录超时，请核对路径以及端口、主机名、用户名以及密码.

2022-08-29 17:37:07.625816-检查冗余、删除等操作失败或登录超时，请核对路径以及端口、主机名、用户名以及密码.

2022-08-29 17:37:08.550752-检查冗余、删除等操作失败或登录超时，请核对路径以及端口、主机名、用户名以及密码.

2022-08-29 17:37:23.931367-ftp服务器路径选择操作失败或登录超时，请核对路径以及端口、主机名、用户名以及密码.

2022-08-29 17:37:25.249280-ftp服务器路径选择操作失败或登录超时，请核对路径以及端口、主机名、用户名以及密码.

2022-08-29 17:37:25.660735-ftp服务器路径选择操作失败或登录超时，请核对路径以及端口、主机名、用户名以及密码.

2022-08-29 17:37:25.831726-ftp服务器路径选择操作失败或登录超时，请核对路径以及端口、主机名、用户名以及密码.

2022-08-29 17:37:26.007521-ftp服务器路径选择操作失败或登录超时，请核对路径以及端口、主机名、用户名以及密码.

2022-08-29 17:37:26.180752-ftp服务器路径选择操作失败或登录超时，请核对路径以及端口、主机名、用户名以及密码.

2022-08-29 17:37:26.337415-ftp服务器路径选择操作失败或登录超时，请核对路径以及端口、主机名、用户名以及密码.

2022-08-29 17:37:26.502766-ftp服务器路径选择操作失败或登录超时，请核对路径以及端口、主机名、用户名以及密码.

2022-08-29 17:37:26.686921-ftp服务器路径选择操作失败或登录超时，请核对路径以及端口、主机名、用户名以及密码.

2022-08-29 17:37:26.860713-ftp服务器路径选择操作失败或登录超时，请核对路径以及端口、主机名、用户名以及密码.

2022-08-29 17:37:27.032719-ftp服务器路径选择操作失败或登录超时，请核对路径以及端口、主机名、用户名以及密码.

2022-08-29 17:37:27.225930-ftp服务器路径选择操作失败或登录超时，请核对路径以及端口、主机名、用户名以及密码.

2022-08-29 17:37:27.448822-ftp服务器路径选择操作失败或登录超时，请核对路径以及端口、主机名、用户名以及密码.

2022-08-29 17:37:28.425493-ftp服务器路径选择操作失败或登录超时，请核对路径以及端口、主机名、用户名以及密码.

2022-08-29 17:37:29.136803-ftp服务器路径选择操作失败或登录超时，请核对路径以及端口、主机名、用户名以及密码.

2022-08-29 17:37:29.570663-ftp服务器路径选择操作失败或登录超时，请核对路径以及端口、主机名、用户名以及密码.

2022-08-29 17:37:29.790775-ftp服务器路径选择操作失败或登录超时，请核对路径以及端口、主机名、用户名以及密码.

2022-08-29 17:37:30.041155-ftp服务器路径选择操作失败或登录超时，请核对路径以及端口、主机名、用户名以及密码.

2022-08-29 17:37:30.245770-ftp服务器路径选择操作失败或登录超时，请核对路径以及端口、主机名、用户名以及密码.

2022-08-29 17:37:30.467984-ftp服务器路径选择操作失败或登录超时，请核对路径以及端口、主机名、用户名以及密码.

2022-08-29 17:37:30.705541-ftp服务器路径选择操作失败或登录超时，请核对路径以及端口、主机名、用户名以及密码.

2022-08-29 17:37:30.926791-ftp服务器路径选择操作失败或登录超时，请核对路径以及端口、主机名、用户名以及密码.

2022-08-29 17:37:39.004454-ftp服务器路径选择操作失败或登录超时，请核对路径以及端口、主机名、用户名以及密码.

2022-08-29 17:37:39.897141-ftp服务器路径选择操作失败或登录超时，请核对路径以及端口、主机名、用户名以及密码.

2022-08-29 17:37:40.703408-ftp服务器路径选择操作失败或登录超时，请核对路径以及端口、主机名、用户名以及密码.

2022-08-29 17:37:40.859629-ftp服务器路径选择操作失败或登录超时，请核对路径以及端口、主机名、用户名以及密码.

2022-08-29 17:37:41.065223-ftp服务器路径选择操作失败或登录超时，请核对路径以及端口、主机名、用户名以及密码.

2022-08-29 17:37:41.221724-ftp服务器路径选择操作失败或登录超时，请核对路径以及端口、主机名、用户名以及密码.

2022-08-29 17:37:41.395691-ftp服务器路径选择操作失败或登录超时，请核对路径以及端口、主机名、用户名以及密码.

2022-08-29 17:37:41.570863-ftp服务器路径选择操作失败或登录超时，请核对路径以及端口、主机名、用户名以及密码.

2022-08-29 17:37:41.745771-ftp服务器路径选择操作失败或登录超时，请核对路径以及端口、主机名、用户名以及密码.

2022-08-29 17:37:41.935447-ftp服务器路径选择操作失败或登录超时，请核对路径以及端口、主机名、用户名以及密码.

2022-08-29 17:37:42.155900-ftp服务器路径选择操作失败或登录超时，请核对路径以及端口、主机名、用户名以及密码.

2022-08-29 17:37:42.930607-ftp服务器路径选择操作失败或登录超时，请核对路径以及端口、主机名、用户名以及密码.

2022-08-29 17:37:43.502007-ftp服务器路径选择操作失败或登录超时，请核对路径以及端口、主机名、用户名以及密码.

2022-08-29 17:37:43.882392-ftp服务器路径选择操作失败或登录超时，请核对路径以及端口、主机名、用户名以及密码.

2022-08-29 17:37:44.071740-ftp服务器路径选择操作失败或登录超时，请核对路径以及端口、主机名、用户名以及密码.

2022-08-29 17:37:44.260675-ftp服务器路径选择操作失败或登录超时，请核对路径以及端口、主机名、用户名以及密码.

2022-08-29 17:37:44.452080-ftp服务器路径选择操作失败或登录超时，请核对路径以及端口、主机名、用户名以及密码.

2022-08-29 17:37:44.658015-ftp服务器路径选择操作失败或登录超时，请核对路径以及端口、主机名、用户名以及密码.

2022-08-29 17:37:44.849876-ftp服务器路径选择操作失败或登录超时，请核对路径以及端口、主机名、用户名以及密码.

2022-08-29 17:37:45.023166-ftp服务器路径选择操作失败或登录超时，请核对路径以及端口、主机名、用户名以及密码.

2022-08-29 17:37:45.196530-ftp服务器路径选择操作失败或登录超时，请核对路径以及端口、主机名、用户名以及密码.

2022-08-29 17:37:45.405231-ftp服务器路径选择操作失败或登录超时，请核对路径以及端口、主机名、用户名以及密码.

2022-08-29 17:37:57.386358-ftp服务器路径选择操作失败或登录超时，请核对路径以及端口、主机名、用户名以及密码.

2022-08-29 17:37:58.040429-ftp服务器路径选择操作失败或登录超时，请核对路径以及端口、主机名、用户名以及密码.

2022-08-29 17:37:58.280507-ftp服务器路径选择操作失败或登录超时，请核对路径以及端口、主机名、用户名以及密码.

2022-08-29 17:37:58.452237-ftp服务器路径选择操作失败或登录超时，请核对路径以及端口、主机名、用户名以及密码.

2022-08-29 17:37:58.611380-ftp服务器路径选择操作失败或登录超时，请核对路径以及端口、主机名、用户名以及密码.

2022-08-29 17:37:58.799548-ftp服务器路径选择操作失败或登录超时，请核对路径以及端口、主机名、用户名以及密码.

2022-08-29 17:37:59.007184-ftp服务器路径选择操作失败或登录超时，请核对路径以及端口、主机名、用户名以及密码.

2022-08-29 17:37:59.196919-ftp服务器路径选择操作失败或登录超时，请核对路径以及端口、主机名、用户名以及密码.

2022-08-29 17:37:59.402898-ftp服务器路径选择操作失败或登录超时，请核对路径以及端口、主机名、用户名以及密码.

2022-08-29 17:37:59.576188-ftp服务器路径选择操作失败或登录超时，请核对路径以及端口、主机名、用户名以及密码.

2022-08-29 17:37:59.732924-ftp服务器路径选择操作失败或登录超时，请核对路径以及端口、主机名、用户名以及密码.

2022-08-29 17:37:59.923842-ftp服务器路径选择操作失败或登录超时，请核对路径以及端口、主机名、用户名以及密码.

2022-08-29 17:38:00.097908-ftp服务器路径选择操作失败或登录超时，请核对路径以及端口、主机名、用户名以及密码.

2022-08-29 17:38:00.256257-ftp服务器路径选择操作失败或登录超时，请核对路径以及端口、主机名、用户名以及密码.

2022-08-29 17:38:00.448922-ftp服务器路径选择操作失败或登录超时，请核对路径以及端口、主机名、用户名以及密码.

2022-08-29 17:38:00.622721-ftp服务器路径选择操作失败或登录超时，请核对路径以及端口、主机名、用户名以及密码.

2022-08-29 17:38:00.829771-ftp服务器路径选择操作失败或登录超时，请核对路径以及端口、主机名、用户名以及密码.

2022-08-29 17:41:58.590096-ftp服务器路径选择操作失败或登录超时，请核对路径以及端口、主机名、用户名以及密码.

2022-08-29 17:42:36.055128-ftp服务器路径选择操作失败或登录超时，请核对路径以及端口、主机名、用户名以及密码.

2022-08-29 17:42:38.428771-ftp服务器路径选择操作失败或登录超时，请核对路径以及端口、主机名、用户名以及密码.

2022-08-29 17:42:54.242272-ftp服务器路径选择操作失败或登录超时，请核对路径以及端口、主机名、用户名以及密码.

2022-08-29 17:43:03.652218-ftp服务器路径选择操作失败或登录超时，请核对路径以及端口、主机名、用户名以及密码.

2022-08-29 17:43:06.566554-ftp服务器路径选择操作失败或登录超时，请核对路径以及端口、主机名、用户名以及密码.

2022-08-29 17:44:17.809616-同步操作失败或登录超时，请核对路径以及端口、主机名、用户名以及密码.

2022-08-29 17:44:31.739619-Error! D:/Documents/Album/PhoneAlbum/Camera/IMG_20200312_103954.jpg

2022-08-29 19:06:38.043498-ftp服务器路径选择操作失败或登录超时，请核对路径以及端口、主机名、用户名以及密码.

2022-08-29 19:09:12.816450-ftp服务器路径选择操作失败或登录超时，请核对路径以及端口、主机名、用户名以及密码.

2022-08-29 19:19:40.617195-ftp服务器路径选择操作失败或登录超时，请核对路径以及端口、主机名、用户名以及密码.

2022-08-29 19:21:44.926472-ftp服务器路径选择操作失败或登录超时，请核对路径以及端口、主机名、用户名以及密码.

2022-08-29 20:12:25.419046-ftp服务器路径选择操作失败或登录超时，请核对路径以及端口、主机名、用户名以及密码.

2022-08-29 20:21:45.902252-ftp服务器路径选择操作失败或登录超时，请核对路径以及端口、主机名、用户名以及密码.

2022-08-29 20:23:09.764108-同步操作失败或登录超时，请核对路径以及端口、主机名、用户名以及密码.

2022-08-29 21:07:54.089204-ftp服务器路径选择操作失败或登录超时，请核对路径以及端口、主机名、用户名以及密码.

2022-09-05 15:53:27.030917-保存路径不合法或为空，请检查:D:/Documents/Album/PhoneAlbum/Jovi Vision IMG/

2022-09-22 16:43:18.783249-保存路径不合法或为空，请检查:D:/Documents/Album/PhoneAlbum/Jovi Vision IMG/

2022-09-22 16:43:26.602003-ftp服务器路径选择操作失败或登录超时，请核对路径以及端口、主机名、用户名以及密码.

